Arguments: 
  C:\Program Files\nodejs\node.exe C:\Users\steve\AppData\Roaming\npm\node_modules\yarn\bin\yarn.js install

PATH: 
  C:\Program Files (x86)\Razer Chroma SDK\bin;C:\Program Files\Razer Chroma SDK\bin;C:\Program Files (x86)\Razer\ChromaBroadcast\bin;C:\Program Files\Razer\ChromaBroadcast\bin;C:\Program Files\Microsoft\jdk-11.0.12.7-hotspot\bin;C:\Program Files\Eclipse Foundation\jdk-8.0.302.8-hotspot\bin;C:\Windows\system32;C:\Windows;C:\Windows\System32\Wbem;C:\Windows\System32\WindowsPowerShell\v1.0\;C:\Windows\System32\OpenSSH\;C:\Program Files (x86)\NVIDIA Corporation\PhysX\Common;C:\Program Files\dotnet\;C:\Program Files\Microsoft SQL Server\130\Tools\Binn\;C:\Program Files\Microsoft SQL Server\Client SDK\ODBC\170\Tools\Binn\;C:\Program Files\Git\cmd;C:\Program Files\nodejs\;C:\Program Files\Microsoft SQL Server\150\Tools\Binn\;C:\Program Files\Inkscape\bin;C:\Windows\system32\config\systemprofile\AppData\Local\Microsoft\WindowsApps;C:\Users\steve\AppData\Local\Programs\Python\Python310\;C:\TDM-GCC-64\bin;C:\WINDOWS\system32;C:\WINDOWS;C:\WINDOWS\System32\Wbem;C:\WINDOWS\System32\WindowsPowerShell\v1.0\;C:\WINDOWS\System32\OpenSSH\;C:\Program Files\7-Zip\7z.exe;C:\Windows\System32\curl.exe;C:\Users\steve\AppData\Roaming\npm\node_modules\yarn\bin;C:\Program Files (x86)\Razer Chroma SDK\bin;C:\Program Files\Razer Chroma SDK\bin;C:\Program Files (x86)\Razer\ChromaBroadcast\bin;C:\Program Files\Razer\ChromaBroadcast\bin;C:\Program Files\Microsoft\jdk-11.0.12.7-hotspot\bin;C:\Program Files\Eclipse Foundation\jdk-8.0.302.8-hotspot\bin;C:\Windows\system32;C:\Windows;C:\Windows\System32\Wbem;C:\Windows\System32\WindowsPowerShell\v1.0\;C:\Windows\System32\OpenSSH\;C:\Program Files (x86)\NVIDIA Corporation\PhysX\Common;C:\Program Files\dotnet\;C:\Program Files\Microsoft SQL Server\130\Tools\Binn\;C:\Program Files\Microsoft SQL Server\Client SDK\ODBC\170\Tools\Binn\;C:\Program Files\Git\cmd;C:\Program Files\nodejs\;C:\Program Files\Microsoft SQL Server\150\Tools\Binn\;C:\Program Files\Inkscape\bin;C:\Windows\system32\config\systemprofile\AppData\Local\Microsoft\WindowsApps;C:\Users\steve\AppData\Local\Programs\Python\Python310\;C:\TDM-GCC-64\bin;C:\WINDOWS\system32;C:\WINDOWS;C:\WINDOWS\System32\Wbem;C:\WINDOWS\System32\WindowsPowerShell\v1.0\;C:\WINDOWS\System32\OpenSSH\;C:\Program Files\7-Zip\7z.exe;C:\Windows\System32\curl.exe;C:\Users\steve\AppData\Roaming\npm\node_modules\yarn\bin;;C:\Dev\git\GnuWin32;C:\Users\steve\AppData\Roaming\npm\yarn.ps1;C:\Users\steve\AppData\Local\Yarn\bin\;C:\Users\steve\AppData\Roaming\npm\node_modules\yarn\bin;C:\MinGW\bin;C:\Windows\System32\curl.exe;C:\Program Files\7-Zip\7z.exe;

Yarn version: 
  1.22.19

Node version: 
  16.15.0

Platform: 
  win32 x64

Trace: 
  Error: https://registry.yarnpkg.com/key-finder-wasm: Not found
      at Request.params.callback [as _callback] (C:\Users\steve\AppData\Roaming\npm\node_modules\yarn\lib\cli.js:66145:18)
      at Request.self.callback (C:\Users\steve\AppData\Roaming\npm\node_modules\yarn\lib\cli.js:140890:22)
      at Request.emit (node:events:527:28)
      at Request.<anonymous> (C:\Users\steve\AppData\Roaming\npm\node_modules\yarn\lib\cli.js:141862:10)
      at Request.emit (node:events:527:28)
      at IncomingMessage.<anonymous> (C:\Users\steve\AppData\Roaming\npm\node_modules\yarn\lib\cli.js:141784:12)
      at Object.onceWrapper (node:events:641:28)
      at IncomingMessage.emit (node:events:539:35)
      at endReadableNT (node:internal/streams/readable:1345:12)
      at processTicksAndRejections (node:internal/process/task_queues:83:21)

npm manifest: 
  {
    "name": "key-finder-web",
    "scripts": {
      "clean": "rimraf dist",
      "build": "rollup -c",
      "copy:html": "copyfiles -f ./src/index.html ./dist",
      "copy:favicon": "copyfiles -f src/favicon.ico ./dist",
      "build:release": "yarn clean && yarn build && yarn copy:html && yarn copy:favicon",
      "serve": "npx http-server C:\\Dev\\git\\testbuildw\\dist -p 3000"
    },
    "dependencies": {
      "@rollup/plugin-node-resolve": "15.0.1",
      "@rollup/plugin-typescript": "11.0.0",
      "@surma/rollup-plugin-off-main-thread": "2.2.3",
      "key-finder-wasm": "workspace:*",
      "normalize.css": "8.0.1",
      "preact": "^10.15.1",
      "preact-router": "4.1.0",
      "rollup": "2.79.1",
      "rollup-plugin-css-only": "4.3.0",
      "tslib": "2.5.0",
      "typescript": "4.9.5",
      "uuid": "9.0.0"
    },
    "packageManager": "yarn@3.5.0",
    "devDependencies": {
      "rimraf": "^5.0.1"
    }
  }

yarn manifest: 
  No manifest

Lockfile: 
  No lockfile
